<?xml version="1.0" encoding="UTF-8"?>
<testsuite xmlns:xsi="http://www.w3.org/2001/XMLSchema-instance" xsi:noNamespaceSchemaLocation="https://maven.apache.org/surefire/maven-surefire-plugin/xsd/surefire-test-report-3.0.xsd" version="3.0" name="algorithms.KadaneAlgorithmTest" time="0.042" tests="7" errors="0" skipped="0" failures="0">
  <properties>
[...]
</properties>
  <testcase name="testSingleElement" classname="algorithms.KadaneAlgorithmTest" time="0.017"/>
  <testcase name="testEmptyArray" classname="algorithms.KadaneAlgorithmTest" time="0.001"/>
  <testcase name="testAllZeros" classname="algorithms.KadaneAlgorithmTest" time="0.0"/>
  <testcase name="testAllNegative" classname="algorithms.KadaneAlgorithmTest" time="0.0"/>
  <testcase name="testMultipleMaximaChooseLeftmost" classname="algorithms.KadaneAlgorithmTest" time="0.001"/>
  <testcase name="testTypicalCase" classname="algorithms.KadaneAlgorithmTest" time="0.001"/>
  <testcase name="testNullArray" classname="algorithms.KadaneAlgorithmTest" time="0.001"/>
</testsuite>